{"/Users/lucassoler/projects/soccer-players-sorter/src/player.ts": {"path":"/Users/lucassoler/projects/soccer-players-sorter/src/player.ts","statementMap":{"0":{"start":{"line":13,"column":34},"end":{"line":64,"column":2}},"1":{"start":{"line":150,"column":21},"end":{"line":150,"column":36}},"2":{"start":{"line":67,"column":10},"end":{"line":67,"column":null}},"3":{"start":{"line":68,"column":10},"end":{"line":68,"column":null}},"4":{"start":{"line":69,"column":10},"end":{"line":69,"column":null}},"5":{"start":{"line":72,"column":4},"end":{"line":72,"column":27}},"6":{"start":{"line":76,"column":4},"end":{"line":76,"column":22}},"7":{"start":{"line":80,"column":4},"end":{"line":80,"column":22}},"8":{"start":{"line":84,"column":4},"end":{"line":84,"column":27}},"9":{"start":{"line":85,"column":4},"end":{"line":85,"column":25}},"10":{"start":{"line":86,"column":4},"end":{"line":86,"column":27}},"11":{"start":{"line":87,"column":4},"end":{"line":87,"column":24}},"12":{"start":{"line":91,"column":24},"end":{"line":91,"column":45}},"13":{"start":{"line":92,"column":4},"end":{"line":92,"column":52}},"14":{"start":{"line":96,"column":22},"end":{"line":96,"column":41}},"15":{"start":{"line":97,"column":4},"end":{"line":97,"column":50}},"16":{"start":{"line":101,"column":23},"end":{"line":101,"column":44}},"17":{"start":{"line":102,"column":4},"end":{"line":102,"column":51}},"18":{"start":{"line":106,"column":21},"end":{"line":106,"column":39}},"19":{"start":{"line":107,"column":4},"end":{"line":107,"column":49}},"20":{"start":{"line":111,"column":37},"end":{"line":111,"column":66}},"21":{"start":{"line":112,"column":4},"end":{"line":112,"column":45}},"22":{"start":{"line":114,"column":4},"end":{"line":114,"column":79}},"23":{"start":{"line":115,"column":4},"end":{"line":115,"column":43}},"24":{"start":{"line":119,"column":4},"end":{"line":119,"column":31}},"25":{"start":{"line":123,"column":4},"end":{"line":123,"column":51}},"26":{"start":{"line":127,"column":4},"end":{"line":127,"column":49}},"27":{"start":{"line":131,"column":4},"end":{"line":131,"column":51}},"28":{"start":{"line":135,"column":4},"end":{"line":135,"column":48}},"29":{"start":{"line":139,"column":30},"end":{"line":140,"column":null}},"30":{"start":{"line":140,"column":18},"end":{"line":140,"column":46}},"31":{"start":{"line":143,"column":4},"end":{"line":144,"column":53}},"32":{"start":{"line":144,"column":6},"end":{"line":144,"column":53}},"33":{"start":{"line":146,"column":4},"end":{"line":146,"column":29}},"34":{"start":{"line":150,"column":9},"end":{"line":150,"column":19}}},"fnMap":{"0":{"name":"(anonymous_0)","decl":{"start":{"line":71,"column":2},"end":{"line":71,"column":14}},"loc":{"start":{"line":71,"column":31},"end":{"line":73,"column":3}}},"1":{"name":"(anonymous_1)","decl":{"start":{"line":75,"column":9},"end":{"line":75,"column":17}},"loc":{"start":{"line":75,"column":17},"end":{"line":77,"column":3}}},"2":{"name":"(anonymous_2)","decl":{"start":{"line":79,"column":9},"end":{"line":79,"column":17}},"loc":{"start":{"line":79,"column":17},"end":{"line":81,"column":3}}},"3":{"name":"(anonymous_3)","decl":{"start":{"line":83,"column":9},"end":{"line":83,"column":18}},"loc":{"start":{"line":83,"column":18},"end":{"line":88,"column":3}}},"4":{"name":"(anonymous_4)","decl":{"start":{"line":90,"column":10},"end":{"line":90,"column":25}},"loc":{"start":{"line":90,"column":25},"end":{"line":93,"column":3}}},"5":{"name":"(anonymous_5)","decl":{"start":{"line":95,"column":10},"end":{"line":95,"column":23}},"loc":{"start":{"line":95,"column":23},"end":{"line":98,"column":3}}},"6":{"name":"(anonymous_6)","decl":{"start":{"line":100,"column":10},"end":{"line":100,"column":25}},"loc":{"start":{"line":100,"column":25},"end":{"line":103,"column":3}}},"7":{"name":"(anonymous_7)","decl":{"start":{"line":105,"column":10},"end":{"line":105,"column":22}},"loc":{"start":{"line":105,"column":22},"end":{"line":108,"column":3}}},"8":{"name":"(anonymous_8)","decl":{"start":{"line":110,"column":10},"end":{"line":110,"column":39}},"loc":{"start":{"line":110,"column":68},"end":{"line":116,"column":3}}},"9":{"name":"(anonymous_9)","decl":{"start":{"line":118,"column":10},"end":{"line":118,"column":20}},"loc":{"start":{"line":118,"column":20},"end":{"line":120,"column":3}}},"10":{"name":"(anonymous_10)","decl":{"start":{"line":122,"column":10},"end":{"line":122,"column":24}},"loc":{"start":{"line":122,"column":24},"end":{"line":124,"column":3}}},"11":{"name":"(anonymous_11)","decl":{"start":{"line":126,"column":10},"end":{"line":126,"column":22}},"loc":{"start":{"line":126,"column":22},"end":{"line":128,"column":3}}},"12":{"name":"(anonymous_12)","decl":{"start":{"line":130,"column":10},"end":{"line":130,"column":24}},"loc":{"start":{"line":130,"column":24},"end":{"line":132,"column":3}}},"13":{"name":"(anonymous_13)","decl":{"start":{"line":134,"column":10},"end":{"line":134,"column":21}},"loc":{"start":{"line":134,"column":21},"end":{"line":136,"column":3}}},"14":{"name":"(anonymous_14)","decl":{"start":{"line":138,"column":10},"end":{"line":138,"column":30}},"loc":{"start":{"line":138,"column":55},"end":{"line":147,"column":3}}},"15":{"name":"(anonymous_15)","decl":{"start":{"line":140,"column":6},"end":{"line":140,"column":7}},"loc":{"start":{"line":140,"column":18},"end":{"line":140,"column":46}}}},"branchMap":{"0":{"loc":{"start":{"line":143,"column":4},"end":{"line":144,"column":53}},"type":"if","locations":[{"start":{"line":143,"column":4},"end":{"line":144,"column":53}}]}},"s":{"0":1,"1":1,"2":1,"3":1,"4":1,"5":1,"6":1,"7":1,"8":1,"9":1,"10":1,"11":1,"12":1,"13":1,"14":1,"15":1,"16":1,"17":1,"18":1,"19":1,"20":4,"21":4,"22":4,"23":4,"24":15,"25":1,"26":1,"27":1,"28":1,"29":4,"30":56,"31":4,"32":0,"33":4,"34":1},"f":{"0":1,"1":1,"2":1,"3":1,"4":1,"5":1,"6":1,"7":1,"8":4,"9":15,"10":1,"11":1,"12":1,"13":1,"14":4,"15":56},"b":{"0":[0]}}
}
